<<<<<<< Updated upstream
<<<<<<< Updated upstream
[6124:5936:0311/110805.232:WARNING:chrome_main_delegate.cc(745)] This is Chrome version 128.0.6613.138 (not a warning)
[6124:1116:0311/110805.347:ERROR:google_update_settings.cc(265)] Failed opening key Software\Chromium to set usagestats; result: 5
[6124:5936:0311/110805.379:WARNING:account_consistency_mode_manager.cc(77)] Desktop Identity Consistency cannot be enabled as no OAuth client ID and client secret have been configured.
[17340:19380:0311/110816.700:WARNING:frame_impl.cc(430)] virtual CefFrameImpl::SendProcessMessage sent to detached frame 5-62C561ECE6A8E76A3387334264D664B6 will be ignored
[15540:12136:0311/154102.012:ERROR:dns_config_service.cc(273)] DNS config watch failed.
[6124:1684:0311/154102.014:ERROR:dns_config_service.cc(273)] DNS config watch failed.
[6124:5936:0311/164100.240:WARNING:pref_notifier_impl.cc(41)] Pref observer for media_router.cast_allow_all_ips found at shutdown.
=======
=======
>>>>>>> Stashed changes
[20384:14040:0316/135415.518:WARNING:chrome_main_delegate.cc(745)] This is Chrome version 128.0.6613.138 (not a warning)
[20384:15368:0316/135415.647:ERROR:google_update_settings.cc(265)] Failed opening key Software\Chromium to set usagestats; result: 5
[20384:14040:0316/135415.688:WARNING:account_consistency_mode_manager.cc(77)] Desktop Identity Consistency cannot be enabled as no OAuth client ID and client secret have been configured.
[20384:14040:0316/135421.084:WARNING:external_registry_loader_win.cc(232)] Error observing HKLM: 5
[20384:18540:0316/135421.092:WARNING:leveldb_database.cc(141)] Unable to open C:\Users\s231510\Desktop\TidyProject\Tidy\TidyPrototype\Saved\webcache_6613\Default\shared_proto_db\metadata: IO error: C:\Users\s231510\Desktop\TidyProject\Tidy\TidyPrototype\Saved\webcache_6613\Default\shared_proto_db\metadata/MANIFEST-000001: Unable to create sequential file (ChromeMethodBFE: 7::NewSequentialFile::1)
[20384:18540:0316/135421.098:WARNING:leveldb_database.cc(141)] Unable to open C:\Users\s231510\Desktop\TidyProject\Tidy\TidyPrototype\Saved\webcache_6613\Default\shared_proto_db\metadata: IO error: C:\Users\s231510\Desktop\TidyProject\Tidy\TidyPrototype\Saved\webcache_6613\Default\shared_proto_db\metadata/MANIFEST-000001: Unable to create sequential file (ChromeMethodBFE: 7::NewSequentialFile::1)
[20384:18540:0316/135421.103:WARNING:leveldb_database.cc(141)] Unable to open C:\Users\s231510\Desktop\TidyProject\Tidy\TidyPrototype\Saved\webcache_6613\Default\shared_proto_db\metadata: IO error: C:\Users\s231510\Desktop\TidyProject\Tidy\TidyPrototype\Saved\webcache_6613\Default\shared_proto_db\metadata/MANIFEST-000001: Unable to create sequential file (ChromeMethodBFE: 7::NewSequentialFile::1)
[20384:18540:0316/135421.108:WARNING:leveldb_database.cc(141)] Unable to open C:\Users\s231510\Desktop\TidyProject\Tidy\TidyPrototype\Saved\webcache_6613\Default\shared_proto_db\metadata: IO error: C:\Users\s231510\Desktop\TidyProject\Tidy\TidyPrototype\Saved\webcache_6613\Default\shared_proto_db\metadata/MANIFEST-000001: Unable to create sequential file (ChromeMethodBFE: 7::NewSequentialFile::1)
[20384:18540:0316/135422.938:WARNING:value_store_frontend.cc(47)] Reading ahfgeienlihckogmohjhadlkjgocpleb.alarms from  failed: IO error: .../MANIFEST-000001: Unable to create sequential file (ChromeMethodBFE: 7::NewSequentialFile::1)
[20384:18540:0316/135422.943:WARNING:value_store_frontend.cc(47)] Reading mhjfbmdgcfjbbpaeojofohoefgiehjai.alarms from  failed: IO error: .../MANIFEST-000001: Unable to create sequential file (ChromeMethodBFE: 7::NewSequentialFile::1)
[20384:5592:0316/135423.269:WARNING:leveldb_database.cc(141)] Unable to open C:\Users\s231510\Desktop\TidyProject\Tidy\TidyPrototype\Saved\webcache_6613\Default\GCM Store\Encryption: IO error: C:\Users\s231510\Desktop\TidyProject\Tidy\TidyPrototype\Saved\webcache_6613\Default\GCM Store\Encryption/MANIFEST-000001: Unable to create sequential file (ChromeMethodBFE: 7::NewSequentialFile::1)
[19656:18480:0316/135423.707:WARNING:frame_impl.cc(430)] virtual CefFrameImpl::SendProcessMessage sent to detached frame 5-6AF3ABD9C697850BDC8DDCD2027A03A5 will be ignored
[20384:17644:0316/145501.614:ERROR:dns_config_service.cc(273)] DNS config watch failed.
[7532:15860:0316/145501.614:ERROR:dns_config_service.cc(273)] DNS config watch failed.
[20384:14040:0316/164519.179:WARNING:pref_notifier_impl.cc(41)] Pref observer for media_router.cast_allow_all_ips found at shutdown.
<<<<<<< Updated upstream
>>>>>>> Stashed changes
=======
>>>>>>> Stashed changes
